<?xml version="1.0" encoding="UTF-8"?>
<!-- Generated by org.testng.reporters.JUnitXMLReporter -->
<testsuite hostname="RSUMW840G3P0005" ignored="10" name="Default test" tests="39" failures="7" timestamp="04 Mar 2019 15:31:37 GMT" time="0.308" errors="0">
  <testcase name="@BeforeSuite location" time="0.0" classname="screenshots.StartUp">
    <failure type="org.testng.TestNGException" message="
Parameter &amp;apos;language&amp;apos; is required by BeforeSuite on method location but has not been marked @Optional or defined
in C:\Users\goundark\AppData\Local\Temp\testng-eclipse--663653249\testng-customsuite.xml">
      <![CDATA[org.testng.TestNGException: 
Parameter 'language' is required by BeforeSuite on method location but has not been marked @Optional or defined
in C:\Users\goundark\AppData\Local\Temp\testng-eclipse--663653249\testng-customsuite.xml
at org.testng.internal.Parameters.createParams(Parameters.java:290)
at org.testng.internal.Parameters.createParametersForMethod(Parameters.java:359)
at org.testng.internal.Parameters.createParameters(Parameters.java:620)
at org.testng.internal.Parameters.createConfigurationParameters(Parameters.java:190)
at org.testng.internal.Invoker.invokeConfigurations(Invoker.java:209)
at org.testng.internal.Invoker.invokeConfigurations(Invoker.java:142)
at org.testng.SuiteRunner.privateRun(SuiteRunner.java:401)
at org.testng.SuiteRunner.run(SuiteRunner.java:364)
at org.testng.SuiteRunnerWorker.runSuite(SuiteRunnerWorker.java:52)
at org.testng.SuiteRunnerWorker.run(SuiteRunnerWorker.java:84)
at org.testng.TestNG.runSuitesSequentially(TestNG.java:1208)
at org.testng.TestNG.runSuitesLocally(TestNG.java:1137)
at org.testng.TestNG.runSuites(TestNG.java:1049)
at org.testng.TestNG.run(TestNG.java:1017)
at org.testng.remote.AbstractRemoteTestNG.run(AbstractRemoteTestNG.java:115)
at org.testng.remote.RemoteTestNG.initAndRun(RemoteTestNG.java:251)
at org.testng.remote.RemoteTestNG.main(RemoteTestNG.java:77)
]]>
    </failure>
  </testcase> <!-- @BeforeSuite location -->
  <testcase name="@BeforeSuite setup" time="0.0" classname="screenshots.StartUp">
    <skipped/>
  </testcase> <!-- @BeforeSuite setup -->
  <testcase name="@BeforeSuite startBrowser" time="0.0" classname="screenshots.StartUp">
    <skipped/>
  </testcase> <!-- @BeforeSuite startBrowser -->
  <testcase name="@BeforeClass createAndStartService" time="0.0" classname="screenshots.Service">
    <skipped/>
  </testcase> <!-- @BeforeClass createAndStartService -->
  <testcase name="@AfterClass createAndStopService" time="0.0" classname="screenshots.Service">
    <skipped/>
  </testcase> <!-- @AfterClass createAndStopService -->
  <testcase name="@AfterTest quitDriver" time="0.0" classname="screenshots.Service">
    <skipped/>
  </testcase> <!-- @AfterTest quitDriver -->
  <testcase name="startBrowser" time="0.0" classname="screenshots.Checking">
    <skipped/>
  </testcase> <!-- startBrowser -->
  <testcase name="createDriver" time="0.0" classname="screenshots.Service">
    <skipped/>
  </testcase> <!-- createDriver -->
  <testcase name="AppStart" time="0.0" classname="screenshots.StartApplication">
    <skipped/>
  </testcase> <!-- AppStart -->
  <testcase name="clickEject" time="0.0" classname="screenshots.ScannerSimulator">
    <skipped/>
  </testcase> <!-- clickEject -->
  <testcase name="clickInsert" time="0.0" classname="screenshots.ScannerSimulator">
    <skipped/>
  </testcase> <!-- clickInsert -->
  <testcase name="clickRemove" time="0.0" classname="screenshots.ScannerSimulator">
    <skipped/>
  </testcase> <!-- clickRemove -->
  <testcase name="closeSimulator" time="0.0" classname="screenshots.ScannerSimulator">
    <skipped/>
  </testcase> <!-- closeSimulator -->
  <testcase name="selectDoubleSlideType" time="0.0" classname="screenshots.ScannerSimulator">
    <skipped/>
  </testcase> <!-- selectDoubleSlideType -->
  <testcase name="selectDoubleSlides" time="0.0" classname="screenshots.ScannerSimulator">
    <skipped/>
  </testcase> <!-- selectDoubleSlides -->
  <testcase name="selectSingleSlideType" time="0.0" classname="screenshots.ScannerSimulator">
    <skipped/>
  </testcase> <!-- selectSingleSlideType -->
  <testcase name="selectSingleSlides" time="0.0" classname="screenshots.ScannerSimulator">
    <skipped/>
  </testcase> <!-- selectSingleSlides -->
  <testcase name="takeFullScreenShot" time="0.0" classname="screenshots.Common">
    <failure type="org.testng.TestNGException" message="
Cannot inject @Test annotated Method [takeFullScreenShot] with [class java.lang.String].
For more information on native dependency injection please refer to http://testng.org/doc/documentation-main.html#native-dependency-injection">
      <![CDATA[org.testng.TestNGException: 
Cannot inject @Test annotated Method [takeFullScreenShot] with [class java.lang.String].
For more information on native dependency injection please refer to http://testng.org/doc/documentation-main.html#native-dependency-injection
at org.testng.internal.Parameters.checkParameterTypes(Parameters.java:407)
at org.testng.internal.Parameters.createParametersForMethod(Parameters.java:356)
at org.testng.internal.Parameters.createParameters(Parameters.java:635)
at org.testng.internal.Parameters.handleParameters(Parameters.java:769)
at org.testng.internal.ParameterHandler.handleParameters(ParameterHandler.java:49)
at org.testng.internal.ParameterHandler.createParameters(ParameterHandler.java:37)
at org.testng.internal.Invoker.invokeTestMethods(Invoker.java:924)
at org.testng.internal.TestMethodWorker.invokeTestMethods(TestMethodWorker.java:125)
at org.testng.internal.TestMethodWorker.run(TestMethodWorker.java:109)
at org.testng.TestRunner.privateRun(TestRunner.java:648)
at org.testng.TestRunner.run(TestRunner.java:505)
at org.testng.SuiteRunner.runTest(SuiteRunner.java:455)
at org.testng.SuiteRunner.runSequentially(SuiteRunner.java:450)
at org.testng.SuiteRunner.privateRun(SuiteRunner.java:415)
at org.testng.SuiteRunner.run(SuiteRunner.java:364)
at org.testng.SuiteRunnerWorker.runSuite(SuiteRunnerWorker.java:52)
at org.testng.SuiteRunnerWorker.run(SuiteRunnerWorker.java:84)
at org.testng.TestNG.runSuitesSequentially(TestNG.java:1208)
at org.testng.TestNG.runSuitesLocally(TestNG.java:1137)
at org.testng.TestNG.runSuites(TestNG.java:1049)
at org.testng.TestNG.run(TestNG.java:1017)
at org.testng.remote.AbstractRemoteTestNG.run(AbstractRemoteTestNG.java:115)
at org.testng.remote.RemoteTestNG.initAndRun(RemoteTestNG.java:251)
at org.testng.remote.RemoteTestNG.main(RemoteTestNG.java:77)
]]>
    </failure>
  </testcase> <!-- takeFullScreenShot -->
  <testcase name="takeScreenshot" time="0.0" classname="screenshots.Common">
    <failure type="org.testng.TestNGException" message="
Cannot inject @Test annotated Method [takeScreenshot] with [class java.lang.String].
For more information on native dependency injection please refer to http://testng.org/doc/documentation-main.html#native-dependency-injection">
      <![CDATA[org.testng.TestNGException: 
Cannot inject @Test annotated Method [takeScreenshot] with [class java.lang.String].
For more information on native dependency injection please refer to http://testng.org/doc/documentation-main.html#native-dependency-injection
at org.testng.internal.Parameters.checkParameterTypes(Parameters.java:407)
at org.testng.internal.Parameters.createParametersForMethod(Parameters.java:356)
at org.testng.internal.Parameters.createParameters(Parameters.java:635)
at org.testng.internal.Parameters.handleParameters(Parameters.java:769)
at org.testng.internal.ParameterHandler.handleParameters(ParameterHandler.java:49)
at org.testng.internal.ParameterHandler.createParameters(ParameterHandler.java:37)
at org.testng.internal.Invoker.invokeTestMethods(Invoker.java:924)
at org.testng.internal.TestMethodWorker.invokeTestMethods(TestMethodWorker.java:125)
at org.testng.internal.TestMethodWorker.run(TestMethodWorker.java:109)
at org.testng.TestRunner.privateRun(TestRunner.java:648)
at org.testng.TestRunner.run(TestRunner.java:505)
at org.testng.SuiteRunner.runTest(SuiteRunner.java:455)
at org.testng.SuiteRunner.runSequentially(SuiteRunner.java:450)
at org.testng.SuiteRunner.privateRun(SuiteRunner.java:415)
at org.testng.SuiteRunner.run(SuiteRunner.java:364)
at org.testng.SuiteRunnerWorker.runSuite(SuiteRunnerWorker.java:52)
at org.testng.SuiteRunnerWorker.run(SuiteRunnerWorker.java:84)
at org.testng.TestNG.runSuitesSequentially(TestNG.java:1208)
at org.testng.TestNG.runSuitesLocally(TestNG.java:1137)
at org.testng.TestNG.runSuites(TestNG.java:1049)
at org.testng.TestNG.run(TestNG.java:1017)
at org.testng.remote.AbstractRemoteTestNG.run(AbstractRemoteTestNG.java:115)
at org.testng.remote.RemoteTestNG.initAndRun(RemoteTestNG.java:251)
at org.testng.remote.RemoteTestNG.main(RemoteTestNG.java:77)
]]>
    </failure>
  </testcase> <!-- takeScreenshot -->
  <testcase name="aoiDetectionMethod" time="0.0" classname="screenshots.ScanApp">
    <failure type="org.testng.TestNGException" message="
Cannot inject @Test annotated Method [aoiDetectionMethod] with [class java.lang.String].
For more information on native dependency injection please refer to http://testng.org/doc/documentation-main.html#native-dependency-injection">
      <![CDATA[org.testng.TestNGException: 
Cannot inject @Test annotated Method [aoiDetectionMethod] with [class java.lang.String].
For more information on native dependency injection please refer to http://testng.org/doc/documentation-main.html#native-dependency-injection
at org.testng.internal.Parameters.checkParameterTypes(Parameters.java:407)
at org.testng.internal.Parameters.createParametersForMethod(Parameters.java:356)
at org.testng.internal.Parameters.createParameters(Parameters.java:635)
at org.testng.internal.Parameters.handleParameters(Parameters.java:769)
at org.testng.internal.ParameterHandler.handleParameters(ParameterHandler.java:49)
at org.testng.internal.ParameterHandler.createParameters(ParameterHandler.java:37)
at org.testng.internal.Invoker.invokeTestMethods(Invoker.java:924)
at org.testng.internal.TestMethodWorker.invokeTestMethods(TestMethodWorker.java:125)
at org.testng.internal.TestMethodWorker.run(TestMethodWorker.java:109)
at org.testng.TestRunner.privateRun(TestRunner.java:648)
at org.testng.TestRunner.run(TestRunner.java:505)
at org.testng.SuiteRunner.runTest(SuiteRunner.java:455)
at org.testng.SuiteRunner.runSequentially(SuiteRunner.java:450)
at org.testng.SuiteRunner.privateRun(SuiteRunner.java:415)
at org.testng.SuiteRunner.run(SuiteRunner.java:364)
at org.testng.SuiteRunnerWorker.runSuite(SuiteRunnerWorker.java:52)
at org.testng.SuiteRunnerWorker.run(SuiteRunnerWorker.java:84)
at org.testng.TestNG.runSuitesSequentially(TestNG.java:1208)
at org.testng.TestNG.runSuitesLocally(TestNG.java:1137)
at org.testng.TestNG.runSuites(TestNG.java:1049)
at org.testng.TestNG.run(TestNG.java:1017)
at org.testng.remote.AbstractRemoteTestNG.run(AbstractRemoteTestNG.java:115)
at org.testng.remote.RemoteTestNG.initAndRun(RemoteTestNG.java:251)
at org.testng.remote.RemoteTestNG.main(RemoteTestNG.java:77)
]]>
    </failure>
  </testcase> <!-- aoiDetectionMethod -->
  <testcase name="browseOutputFolder" time="0.0" classname="screenshots.ScanApp">
    <skipped/>
  </testcase> <!-- browseOutputFolder -->
  <testcase name="clickApplicationMenu" time="0.0" classname="screenshots.ScanApp">
    <skipped/>
  </testcase> <!-- clickApplicationMenu -->
  <testcase name="clickExit" time="0.0" classname="screenshots.ScanApp">
    <skipped/>
  </testcase> <!-- clickExit -->
  <testcase name="clickScan" time="0.0" classname="screenshots.ScanApp">
    <skipped/>
  </testcase> <!-- clickScan -->
  <testcase name="clickThumbnail" time="0.0" classname="screenshots.ScanApp">
    <skipped/>
  </testcase> <!-- clickThumbnail -->
  <testcase name="closeBanners" time="0.0" classname="screenshots.ScanApp">
    <skipped/>
  </testcase> <!-- closeBanners -->
  <testcase name="closeBrowseWindow" time="0.0" classname="screenshots.ScanApp">
    <skipped/>
  </testcase> <!-- closeBrowseWindow -->
  <testcase name="createProfile" time="0.0" classname="screenshots.ScanApp">
    <failure type="org.testng.TestNGException" message="
Cannot inject @Test annotated Method [createProfile] with [class java.lang.String].
For more information on native dependency injection please refer to http://testng.org/doc/documentation-main.html#native-dependency-injection">
      <![CDATA[org.testng.TestNGException: 
Cannot inject @Test annotated Method [createProfile] with [class java.lang.String].
For more information on native dependency injection please refer to http://testng.org/doc/documentation-main.html#native-dependency-injection
at org.testng.internal.Parameters.checkParameterTypes(Parameters.java:407)
at org.testng.internal.Parameters.createParametersForMethod(Parameters.java:356)
at org.testng.internal.Parameters.createParameters(Parameters.java:635)
at org.testng.internal.Parameters.handleParameters(Parameters.java:769)
at org.testng.internal.ParameterHandler.handleParameters(ParameterHandler.java:49)
at org.testng.internal.ParameterHandler.createParameters(ParameterHandler.java:37)
at org.testng.internal.Invoker.invokeTestMethods(Invoker.java:924)
at org.testng.internal.TestMethodWorker.invokeTestMethods(TestMethodWorker.java:125)
at org.testng.internal.TestMethodWorker.run(TestMethodWorker.java:109)
at org.testng.TestRunner.privateRun(TestRunner.java:648)
at org.testng.TestRunner.run(TestRunner.java:505)
at org.testng.SuiteRunner.runTest(SuiteRunner.java:455)
at org.testng.SuiteRunner.runSequentially(SuiteRunner.java:450)
at org.testng.SuiteRunner.privateRun(SuiteRunner.java:415)
at org.testng.SuiteRunner.run(SuiteRunner.java:364)
at org.testng.SuiteRunnerWorker.runSuite(SuiteRunnerWorker.java:52)
at org.testng.SuiteRunnerWorker.run(SuiteRunnerWorker.java:84)
at org.testng.TestNG.runSuitesSequentially(TestNG.java:1208)
at org.testng.TestNG.runSuitesLocally(TestNG.java:1137)
at org.testng.TestNG.runSuites(TestNG.java:1049)
at org.testng.TestNG.run(TestNG.java:1017)
at org.testng.remote.AbstractRemoteTestNG.run(AbstractRemoteTestNG.java:115)
at org.testng.remote.RemoteTestNG.initAndRun(RemoteTestNG.java:251)
at org.testng.remote.RemoteTestNG.main(RemoteTestNG.java:77)
]]>
    </failure>
  </testcase> <!-- createProfile -->
  <testcase name="deleteProfile" time="0.0" classname="screenshots.ScanApp">
    <skipped/>
  </testcase> <!-- deleteProfile -->
  <testcase name="deselectSlides" time="0.0" classname="screenshots.ScanApp">
    <skipped/>
  </testcase> <!-- deselectSlides -->
  <testcase name="selectFocusLayers" time="0.0" classname="screenshots.ScanApp">
    <failure type="org.testng.TestNGException" message="
Cannot inject @Test annotated Method [selectFocusLayers] with [int].
For more information on native dependency injection please refer to http://testng.org/doc/documentation-main.html#native-dependency-injection">
      <![CDATA[org.testng.TestNGException: 
Cannot inject @Test annotated Method [selectFocusLayers] with [int].
For more information on native dependency injection please refer to http://testng.org/doc/documentation-main.html#native-dependency-injection
at org.testng.internal.Parameters.checkParameterTypes(Parameters.java:407)
at org.testng.internal.Parameters.createParametersForMethod(Parameters.java:356)
at org.testng.internal.Parameters.createParameters(Parameters.java:635)
at org.testng.internal.Parameters.handleParameters(Parameters.java:769)
at org.testng.internal.ParameterHandler.handleParameters(ParameterHandler.java:49)
at org.testng.internal.ParameterHandler.createParameters(ParameterHandler.java:37)
at org.testng.internal.Invoker.invokeTestMethods(Invoker.java:924)
at org.testng.internal.TestMethodWorker.invokeTestMethods(TestMethodWorker.java:125)
at org.testng.internal.TestMethodWorker.run(TestMethodWorker.java:109)
at org.testng.TestRunner.privateRun(TestRunner.java:648)
at org.testng.TestRunner.run(TestRunner.java:505)
at org.testng.SuiteRunner.runTest(SuiteRunner.java:455)
at org.testng.SuiteRunner.runSequentially(SuiteRunner.java:450)
at org.testng.SuiteRunner.privateRun(SuiteRunner.java:415)
at org.testng.SuiteRunner.run(SuiteRunner.java:364)
at org.testng.SuiteRunnerWorker.runSuite(SuiteRunnerWorker.java:52)
at org.testng.SuiteRunnerWorker.run(SuiteRunnerWorker.java:84)
at org.testng.TestNG.runSuitesSequentially(TestNG.java:1208)
at org.testng.TestNG.runSuitesLocally(TestNG.java:1137)
at org.testng.TestNG.runSuites(TestNG.java:1049)
at org.testng.TestNG.run(TestNG.java:1017)
at org.testng.remote.AbstractRemoteTestNG.run(AbstractRemoteTestNG.java:115)
at org.testng.remote.RemoteTestNG.initAndRun(RemoteTestNG.java:251)
at org.testng.remote.RemoteTestNG.main(RemoteTestNG.java:77)
]]>
    </failure>
  </testcase> <!-- selectFocusLayers -->
  <testcase name="selectMag" time="0.0" classname="screenshots.ScanApp">
    <failure type="org.testng.TestNGException" message="
Cannot inject @Test annotated Method [selectMag] with [class java.lang.String].
For more information on native dependency injection please refer to http://testng.org/doc/documentation-main.html#native-dependency-injection">
      <![CDATA[org.testng.TestNGException: 
Cannot inject @Test annotated Method [selectMag] with [class java.lang.String].
For more information on native dependency injection please refer to http://testng.org/doc/documentation-main.html#native-dependency-injection
at org.testng.internal.Parameters.checkParameterTypes(Parameters.java:407)
at org.testng.internal.Parameters.createParametersForMethod(Parameters.java:356)
at org.testng.internal.Parameters.createParameters(Parameters.java:635)
at org.testng.internal.Parameters.handleParameters(Parameters.java:769)
at org.testng.internal.ParameterHandler.handleParameters(ParameterHandler.java:49)
at org.testng.internal.ParameterHandler.createParameters(ParameterHandler.java:37)
at org.testng.internal.Invoker.invokeTestMethods(Invoker.java:924)
at org.testng.internal.TestMethodWorker.invokeTestMethods(TestMethodWorker.java:125)
at org.testng.internal.TestMethodWorker.run(TestMethodWorker.java:109)
at org.testng.TestRunner.privateRun(TestRunner.java:648)
at org.testng.TestRunner.run(TestRunner.java:505)
at org.testng.SuiteRunner.runTest(SuiteRunner.java:455)
at org.testng.SuiteRunner.runSequentially(SuiteRunner.java:450)
at org.testng.SuiteRunner.privateRun(SuiteRunner.java:415)
at org.testng.SuiteRunner.run(SuiteRunner.java:364)
at org.testng.SuiteRunnerWorker.runSuite(SuiteRunnerWorker.java:52)
at org.testng.SuiteRunnerWorker.run(SuiteRunnerWorker.java:84)
at org.testng.TestNG.runSuitesSequentially(TestNG.java:1208)
at org.testng.TestNG.runSuitesLocally(TestNG.java:1137)
at org.testng.TestNG.runSuites(TestNG.java:1049)
at org.testng.TestNG.run(TestNG.java:1017)
at org.testng.remote.AbstractRemoteTestNG.run(AbstractRemoteTestNG.java:115)
at org.testng.remote.RemoteTestNG.initAndRun(RemoteTestNG.java:251)
at org.testng.remote.RemoteTestNG.main(RemoteTestNG.java:77)
]]>
    </failure>
  </testcase> <!-- selectMag -->
  <testcase name="selectNextSlide" time="0.0" classname="screenshots.ScanApp">
    <skipped/>
  </testcase> <!-- selectNextSlide -->
  <testcase name="selectPrevSlideOnly" time="0.0" classname="screenshots.ScanApp">
    <skipped/>
  </testcase> <!-- selectPrevSlideOnly -->
  <testcase name="selectSlide1" time="0.0" classname="screenshots.ScanApp">
    <skipped/>
  </testcase> <!-- selectSlide1 -->
  <testcase name="selectSlide2" time="0.0" classname="screenshots.ScanApp">
    <skipped/>
  </testcase> <!-- selectSlide2 -->
  <testcase name="selectSlide3" time="0.0" classname="screenshots.ScanApp">
    <skipped/>
  </testcase> <!-- selectSlide3 -->
  <testcase name="selectSlide4" time="0.0" classname="screenshots.ScanApp">
    <skipped/>
  </testcase> <!-- selectSlide4 -->
  <testcase name="selectSlide5" time="0.0" classname="screenshots.ScanApp">
    <skipped/>
  </testcase> <!-- selectSlide5 -->
  <testcase name="selectSlide6" time="0.0" classname="screenshots.ScanApp">
    <skipped/>
  </testcase> <!-- selectSlide6 -->
  <testcase name="selectSlides3and4" time="0.0" classname="screenshots.ScanApp">
    <skipped/>
  </testcase> <!-- selectSlides3and4 -->
  <testcase name="selectSpacing" time="0.0" classname="screenshots.ScanApp">
    <failure type="org.testng.TestNGException" message="
Cannot inject @Test annotated Method [selectSpacing] with [class java.lang.String].
For more information on native dependency injection please refer to http://testng.org/doc/documentation-main.html#native-dependency-injection">
      <![CDATA[org.testng.TestNGException: 
Cannot inject @Test annotated Method [selectSpacing] with [class java.lang.String].
For more information on native dependency injection please refer to http://testng.org/doc/documentation-main.html#native-dependency-injection
at org.testng.internal.Parameters.checkParameterTypes(Parameters.java:407)
at org.testng.internal.Parameters.createParametersForMethod(Parameters.java:356)
at org.testng.internal.Parameters.createParameters(Parameters.java:635)
at org.testng.internal.Parameters.handleParameters(Parameters.java:769)
at org.testng.internal.ParameterHandler.handleParameters(ParameterHandler.java:49)
at org.testng.internal.ParameterHandler.createParameters(ParameterHandler.java:37)
at org.testng.internal.Invoker.invokeTestMethods(Invoker.java:924)
at org.testng.internal.TestMethodWorker.invokeTestMethods(TestMethodWorker.java:125)
at org.testng.internal.TestMethodWorker.run(TestMethodWorker.java:109)
at org.testng.TestRunner.privateRun(TestRunner.java:648)
at org.testng.TestRunner.run(TestRunner.java:505)
at org.testng.SuiteRunner.runTest(SuiteRunner.java:455)
at org.testng.SuiteRunner.runSequentially(SuiteRunner.java:450)
at org.testng.SuiteRunner.privateRun(SuiteRunner.java:415)
at org.testng.SuiteRunner.run(SuiteRunner.java:364)
at org.testng.SuiteRunnerWorker.runSuite(SuiteRunnerWorker.java:52)
at org.testng.SuiteRunnerWorker.run(SuiteRunnerWorker.java:84)
at org.testng.TestNG.runSuitesSequentially(TestNG.java:1208)
at org.testng.TestNG.runSuitesLocally(TestNG.java:1137)
at org.testng.TestNG.runSuites(TestNG.java:1049)
at org.testng.TestNG.run(TestNG.java:1017)
at org.testng.remote.AbstractRemoteTestNG.run(AbstractRemoteTestNG.java:115)
at org.testng.remote.RemoteTestNG.initAndRun(RemoteTestNG.java:251)
at org.testng.remote.RemoteTestNG.main(RemoteTestNG.java:77)
]]>
    </failure>
  </testcase> <!-- selectSpacing -->
  <testcase name="turnondeidentify" time="0.0" classname="screenshots.ScanApp">
    <skipped/>
  </testcase> <!-- turnondeidentify -->
  <testcase name="waitScanning" time="0.0" classname="screenshots.ScanApp">
    <skipped/>
  </testcase> <!-- waitScanning -->
  <testcase name="waitThumbnailing" time="0.0" classname="screenshots.ScanApp">
    <skipped/>
  </testcase> <!-- waitThumbnailing -->
  <testcase name="@BeforeSuite startBrowser" time="0.0" classname="screenshots.StartUp">
    <ignored/>
  </testcase> <!-- @BeforeSuite startBrowser -->
  <testcase name="@BeforeSuite startBrowser" time="0.0" classname="screenshots.StartUp">
    <ignored/>
  </testcase> <!-- @BeforeSuite startBrowser -->
  <testcase name="@BeforeSuite startBrowser" time="0.0" classname="screenshots.StartUp">
    <ignored/>
  </testcase> <!-- @BeforeSuite startBrowser -->
  <testcase name="@BeforeSuite setup" time="0.0" classname="screenshots.StartUp">
    <ignored/>
  </testcase> <!-- @BeforeSuite setup -->
  <testcase name="@BeforeSuite setup" time="0.0" classname="screenshots.StartUp">
    <ignored/>
  </testcase> <!-- @BeforeSuite setup -->
  <testcase name="@BeforeSuite setup" time="0.0" classname="screenshots.StartUp">
    <ignored/>
  </testcase> <!-- @BeforeSuite setup -->
  <testcase name="@BeforeSuite location" time="0.0" classname="screenshots.StartUp">
    <ignored/>
  </testcase> <!-- @BeforeSuite location -->
  <testcase name="@BeforeSuite location" time="0.0" classname="screenshots.StartUp">
    <ignored/>
  </testcase> <!-- @BeforeSuite location -->
  <testcase name="@BeforeSuite location" time="0.0" classname="screenshots.StartUp">
    <ignored/>
  </testcase> <!-- @BeforeSuite location -->
  <testcase name="CaptureSettings_ScanMethod" time="0.0" classname="screenshots.CaptureSettings">
    <ignored/>
  </testcase> <!-- CaptureSettings_ScanMethod -->
</testsuite> <!-- Default test -->
